 [2023-11-24 16:45:25.582] [LAPTOP-NOILROVL] [restartedMain] INFO com.bizlog.rms.COSApiApplication@logStarting:51 - Starting COSApiApplication using Java 19 with PID 4864 (C:\kmss_workspace\cos-api\target\classes started by akash in C:\kmss_workspace\cos-api)
[2023-11-24 16:45:25.588] [LAPTOP-NOILROVL] [restartedMain] INFO com.bizlog.rms.COSApiApplication@logStartupProfileInfo:636 - The following 1 profile is active: "dev"
[2023-11-24 16:45:25.821] [LAPTOP-NOILROVL] [restartedMain] INFO o.s.b.d.e.DevToolsPropertyDefaultsPostProcessor@logTo:250 - Devtools property defaults active! Set 'spring.devtools.add-properties' to 'false' to disable
[2023-11-24 16:45:25.823] [LAPTOP-NOILROVL] [restartedMain] INFO o.s.b.d.e.DevToolsPropertyDefaultsPostProcessor@logTo:250 - For additional web related logging consider setting the 'logging.level.web' property to 'DEBUG'
[2023-11-24 16:45:27.679] [LAPTOP-NOILROVL] [restartedMain] INFO o.s.d.r.c.RepositoryConfigurationDelegate@registerRepositoriesIn:138 - Bootstrapping Spring Data JPA repositories in DEFAULT mode.
[2023-11-24 16:45:27.793] [LAPTOP-NOILROVL] [restartedMain] INFO o.s.d.r.c.RepositoryConfigurationDelegate@registerRepositoriesIn:208 - Finished Spring Data repository scanning in 105 ms. Found 13 JPA repository interfaces.
[2023-11-24 16:45:28.305] [LAPTOP-NOILROVL] [restartedMain] INFO o.s.cloud.context.scope.GenericScope@setSerializationId:282 - BeanFactory id=7998f9fe-e1d3-383c-a630-43c897bbff45
[2023-11-24 16:45:31.031] [LAPTOP-NOILROVL] [restartedMain] INFO o.s.b.w.e.tomcat.TomcatWebServer@initialize:108 - Tomcat initialized with port(s): 8084 (http)
[2023-11-24 16:45:31.073] [LAPTOP-NOILROVL] [restartedMain] INFO o.a.coyote.http11.Http11NioProtocol@log:173 - Initializing ProtocolHandler ["http-nio-8084"]
[2023-11-24 16:45:31.076] [LAPTOP-NOILROVL] [restartedMain] INFO o.a.catalina.core.StandardService@log:173 - Starting service [Tomcat]
[2023-11-24 16:45:31.077] [LAPTOP-NOILROVL] [restartedMain] INFO o.a.catalina.core.StandardEngine@log:173 - Starting Servlet engine: [Apache Tomcat/10.1.4]
[2023-11-24 16:45:31.196] [LAPTOP-NOILROVL] [restartedMain] INFO o.a.c.c.C.[Tomcat].[localhost].[/]@log:173 - Initializing Spring embedded WebApplicationContext
[2023-11-24 16:45:31.201] [LAPTOP-NOILROVL] [restartedMain] INFO o.s.b.w.s.c.ServletWebServerApplicationContext@prepareWebApplicationContext:291 - Root WebApplicationContext: initialization completed in 5372 ms
[2023-11-24 16:45:32.170] [LAPTOP-NOILROVL] [restartedMain] WARN com.zaxxer.hikari.HikariConfig@validateNumerics:1081 - master - idleTimeout is close to or more than maxLifetime, disabling it.
[2023-11-24 16:45:32.173] [LAPTOP-NOILROVL] [restartedMain] INFO com.zaxxer.hikari.HikariDataSource@getConnection:110 - master - Starting...
[2023-11-24 16:45:32.765] [LAPTOP-NOILROVL] [restartedMain] INFO com.zaxxer.hikari.pool.HikariPool@checkFailFast:565 - master - Added connection com.mysql.cj.jdbc.ConnectionImpl@3534d825
[2023-11-24 16:45:32.774] [LAPTOP-NOILROVL] [restartedMain] INFO com.zaxxer.hikari.HikariDataSource@getConnection:123 - master - Start completed.
[2023-11-24 16:45:32.862] [LAPTOP-NOILROVL] [restartedMain] INFO SQL dialect@logSelectedDialect:66 - HHH000400: Using dialect: org.hibernate.dialect.MySQLDialect
[2023-11-24 16:45:34.434] [LAPTOP-NOILROVL] [restartedMain] INFO o.s.o.j.LocalContainerEntityManagerFactoryBean@buildNativeEntityManagerFactory:437 - Initialized JPA EntityManagerFactory for persistence unit 'default'
[2023-11-24 16:45:37.110] [LAPTOP-NOILROVL] [restartedMain] INFO o.s.b.a.e.web.EndpointLinksResolver@<init>:58 - Exposing 1 endpoint(s) beneath base path '/actuator'
[2023-11-24 16:45:37.905] [LAPTOP-NOILROVL] [restartedMain] INFO o.s.b.d.a.OptionalLiveReloadServer@startServer:59 - LiveReload server is running on port 35729
[2023-11-24 16:45:38.364] [LAPTOP-NOILROVL] [restartedMain] INFO o.a.coyote.http11.Http11NioProtocol@log:173 - Starting ProtocolHandler ["http-nio-8084"]
[2023-11-24 16:45:38.427] [LAPTOP-NOILROVL] [restartedMain] INFO o.s.b.w.e.tomcat.TomcatWebServer@start:220 - Tomcat started on port(s): 8084 (http) with context path ''
[2023-11-24 16:45:38.783] [LAPTOP-NOILROVL] [restartedMain] INFO com.bizlog.rms.COSApiApplication@logStarted:57 - Started COSApiApplication in 18.298 seconds (process running for 19.786)
[2023-11-24 16:46:00.769] [LAPTOP-NOILROVL] [http-nio-8084-exec-1] INFO o.a.c.c.C.[Tomcat].[localhost].[/]@log:173 - Initializing Spring DispatcherServlet 'dispatcherServlet'
[2023-11-24 16:46:00.769] [LAPTOP-NOILROVL] [http-nio-8084-exec-1] INFO o.s.web.servlet.DispatcherServlet@initServletBean:532 - Initializing Servlet 'dispatcherServlet'
[2023-11-24 16:46:00.771] [LAPTOP-NOILROVL] [http-nio-8084-exec-1] INFO o.s.web.servlet.DispatcherServlet@initServletBean:554 - Completed initialization in 2 ms
[2023-11-24 16:46:03.524] [LAPTOP-NOILROVL] [http-nio-8084-exec-4] INFO o.s.api.AbstractOpenApiResource@getOpenApi:371 - Init duration for springdoc-openapi is: 1372 ms
[2023-11-24 16:49:31.533] [LAPTOP-NOILROVL] [http-nio-8084-exec-7] INFO com.bizlog.rms.aspect.LoggingAspect@logInputAndExecutionTime:17 - => ProductInformationResource.create(..) :: args: [1, ProductInformationDTO(isProductInformationRequiredForTicketCreation=true, productCategory=string, productSubCategory=string, productSize=[ProductSize(mini=string, small=string, medium=string, large=string, xLarge=string)], isInventoryNeeded=true, isWareHousingNeeded=true, isPackingNeeded=true, isVehicleNeeded=true)]
[2023-11-24 16:49:31.627] [LAPTOP-NOILROVL] [http-nio-8084-exec-7] INFO com.bizlog.rms.aspect.LoggingAspect@logInputAndExecutionTime:21 - <= ProductInformationResource.create(..) :: Execution Time: 94ms
[2023-11-24 16:58:54.286] [LAPTOP-NOILROVL] [http-nio-8084-exec-9] WARN o.s.w.s.m.s.DefaultHandlerExceptionResolver@logException:207 - Resolved [org.springframework.web.bind.MethodArgumentNotValidException: Validation failed for argument [0] in public org.springframework.http.ResponseEntity<com.bizlog.rms.dto.ClientDTO> com.bizlog.rms.api.impl.ClientResource.create(com.bizlog.rms.dto.ClientDTO): [Field error in object 'clientDTO' on field 'email': rejected value [string]; codes [Email.clientDTO.email,Email.email,Email.java.lang.String,Email]; arguments [org.springframework.context.support.DefaultMessageSourceResolvable: codes [clientDTO.email,email]; arguments []; default message [email],[Ljakarta.validation.constraints.Pattern$Flag;@4fb0e8bd,.*]; default message [Email should be a valid]] ]
[2023-11-24 17:00:15.097] [LAPTOP-NOILROVL] [http-nio-8084-exec-10] INFO com.bizlog.rms.aspect.LoggingAspect@logInputAndExecutionTime:17 - => ClientResource.create(..) :: args: [ClientDTO(id=0, name=amit, description=business, email=amit@g.com, phoneNumber=7894512306, domainName=amit.com, active=true, type=Active)]
[2023-11-24 17:00:15.137] [LAPTOP-NOILROVL] [http-nio-8084-exec-10] INFO com.bizlog.rms.aspect.LoggingAspect@logInputAndExecutionTime:21 - <= ClientResource.create(..) :: Execution Time: 40ms
[2023-11-24 17:12:05.781] [LAPTOP-NOILROVL] [SpringApplicationShutdownHook] INFO o.s.o.j.LocalContainerEntityManagerFactoryBean@destroy:650 - Closing JPA EntityManagerFactory for persistence unit 'default'
[2023-11-24 17:12:05.882] [LAPTOP-NOILROVL] [SpringApplicationShutdownHook] INFO com.zaxxer.hikari.HikariDataSource@close:350 - master - Shutdown initiated...
[2023-11-24 17:12:05.890] [LAPTOP-NOILROVL] [SpringApplicationShutdownHook] INFO com.zaxxer.hikari.HikariDataSource@close:352 - master - Shutdown completed.
