[2023-12-29 12:51:57.392] [LAPTOP-NOILROVL] [restartedMain] INFO com.bizlog.rms.COSApiApplication@logStarting:51 - Starting COSApiApplication using Java 19 with PID 7328 (C:\kmss_workspace\cos-api\target\classes started by akash in C:\kmss_workspace\cos-api)
[2023-12-29 12:51:57.398] [LAPTOP-NOILROVL] [restartedMain] INFO com.bizlog.rms.COSApiApplication@logStartupProfileInfo:636 - The following 1 profile is active: "dev"
[2023-12-29 12:51:57.526] [LAPTOP-NOILROVL] [restartedMain] INFO o.s.b.d.e.DevToolsPropertyDefaultsPostProcessor@logTo:250 - Devtools property defaults active! Set 'spring.devtools.add-properties' to 'false' to disable
[2023-12-29 12:51:57.527] [LAPTOP-NOILROVL] [restartedMain] INFO o.s.b.d.e.DevToolsPropertyDefaultsPostProcessor@logTo:250 - For additional web related logging consider setting the 'logging.level.web' property to 'DEBUG'
[2023-12-29 12:52:00.731] [LAPTOP-NOILROVL] [restartedMain] INFO o.s.d.r.c.RepositoryConfigurationDelegate@registerRepositoriesIn:138 - Bootstrapping Spring Data JPA repositories in DEFAULT mode.
[2023-12-29 12:52:00.999] [LAPTOP-NOILROVL] [restartedMain] INFO o.s.d.r.c.RepositoryConfigurationDelegate@registerRepositoriesIn:208 - Finished Spring Data repository scanning in 250 ms. Found 16 JPA repository interfaces.
[2023-12-29 12:52:01.548] [LAPTOP-NOILROVL] [restartedMain] INFO o.s.cloud.context.scope.GenericScope@setSerializationId:282 - BeanFactory id=74a9dd2f-1af6-38d0-ad0b-d06839241267
[2023-12-29 12:52:03.849] [LAPTOP-NOILROVL] [restartedMain] INFO o.s.b.w.e.tomcat.TomcatWebServer@initialize:108 - Tomcat initialized with port(s): 8084 (http)
[2023-12-29 12:52:03.871] [LAPTOP-NOILROVL] [restartedMain] INFO o.a.coyote.http11.Http11NioProtocol@log:173 - Initializing ProtocolHandler ["http-nio-8084"]
[2023-12-29 12:52:03.873] [LAPTOP-NOILROVL] [restartedMain] INFO o.a.catalina.core.StandardService@log:173 - Starting service [Tomcat]
[2023-12-29 12:52:03.874] [LAPTOP-NOILROVL] [restartedMain] INFO o.a.catalina.core.StandardEngine@log:173 - Starting Servlet engine: [Apache Tomcat/10.1.4]
[2023-12-29 12:52:04.081] [LAPTOP-NOILROVL] [restartedMain] INFO o.a.c.c.C.[Tomcat].[localhost].[/]@log:173 - Initializing Spring embedded WebApplicationContext
[2023-12-29 12:52:04.085] [LAPTOP-NOILROVL] [restartedMain] INFO o.s.b.w.s.c.ServletWebServerApplicationContext@prepareWebApplicationContext:291 - Root WebApplicationContext: initialization completed in 6552 ms
[2023-12-29 12:52:05.526] [LAPTOP-NOILROVL] [restartedMain] WARN com.zaxxer.hikari.HikariConfig@validateNumerics:1081 - master - idleTimeout is close to or more than maxLifetime, disabling it.
[2023-12-29 12:52:05.528] [LAPTOP-NOILROVL] [restartedMain] INFO com.zaxxer.hikari.HikariDataSource@getConnection:110 - master - Starting...
[2023-12-29 12:52:06.164] [LAPTOP-NOILROVL] [restartedMain] INFO com.zaxxer.hikari.pool.HikariPool@checkFailFast:565 - master - Added connection com.mysql.cj.jdbc.ConnectionImpl@6cc51498
[2023-12-29 12:52:06.168] [LAPTOP-NOILROVL] [restartedMain] INFO com.zaxxer.hikari.HikariDataSource@getConnection:123 - master - Start completed.
[2023-12-29 12:52:06.438] [LAPTOP-NOILROVL] [restartedMain] INFO SQL dialect@logSelectedDialect:66 - HHH000400: Using dialect: org.hibernate.dialect.MySQLDialect
[2023-12-29 12:52:48.063] [LAPTOP-NOILROVL] [restartedMain] INFO o.s.o.j.LocalContainerEntityManagerFactoryBean@buildNativeEntityManagerFactory:437 - Initialized JPA EntityManagerFactory for persistence unit 'default'
[2023-12-29 12:52:55.660] [LAPTOP-NOILROVL] [restartedMain] INFO o.s.b.a.e.web.EndpointLinksResolver@<init>:58 - Exposing 1 endpoint(s) beneath base path '/actuator'
[2023-12-29 12:52:56.784] [LAPTOP-NOILROVL] [restartedMain] WARN o.s.b.d.a.OptionalLiveReloadServer@startServer:62 - Unable to start LiveReload server
[2023-12-29 12:52:57.501] [LAPTOP-NOILROVL] [restartedMain] INFO o.a.coyote.http11.Http11NioProtocol@log:173 - Starting ProtocolHandler ["http-nio-8084"]
[2023-12-29 12:52:57.717] [LAPTOP-NOILROVL] [restartedMain] INFO o.s.b.w.e.tomcat.TomcatWebServer@start:220 - Tomcat started on port(s): 8084 (http) with context path ''
[2023-12-29 12:52:58.087] [LAPTOP-NOILROVL] [restartedMain] INFO com.bizlog.rms.COSApiApplication@logStarted:57 - Started COSApiApplication in 66.042 seconds (process running for 70.599)
[2023-12-29 12:53:19.193] [LAPTOP-NOILROVL] [http-nio-8084-exec-1] INFO o.a.c.c.C.[Tomcat].[localhost].[/]@log:173 - Initializing Spring DispatcherServlet 'dispatcherServlet'
[2023-12-29 12:53:19.193] [LAPTOP-NOILROVL] [http-nio-8084-exec-1] INFO o.s.web.servlet.DispatcherServlet@initServletBean:532 - Initializing Servlet 'dispatcherServlet'
[2023-12-29 12:53:19.196] [LAPTOP-NOILROVL] [http-nio-8084-exec-1] INFO o.s.web.servlet.DispatcherServlet@initServletBean:554 - Completed initialization in 2 ms
[2023-12-29 12:53:19.238] [LAPTOP-NOILROVL] [http-nio-8084-exec-1] WARN o.s.web.servlet.PageNotFound@noHandlerFound:1291 - No mapping for GET /api/v1/client/is-client-exist/1
[2023-12-29 12:56:48.145] [LAPTOP-NOILROVL] [http-nio-8084-exec-3] WARN o.s.web.servlet.PageNotFound@noHandlerFound:1291 - No mapping for GET /api/v1/client/is-client-exist/1
[2023-12-29 12:58:05.187] [LAPTOP-NOILROVL] [http-nio-8084-exec-2] INFO o.s.api.AbstractOpenApiResource@getOpenApi:371 - Init duration for springdoc-openapi is: 4020 ms
[2023-12-29 12:58:31.424] [LAPTOP-NOILROVL] [http-nio-8084-exec-6] INFO com.bizlog.rms.aspect.LoggingAspect@logInputAndExecutionTime:17 - => ClientResource.checkClientId(..) :: args: [1]
[2023-12-29 12:58:31.638] [LAPTOP-NOILROVL] [http-nio-8084-exec-6] INFO com.bizlog.rms.aspect.LoggingAspect@logInputAndExecutionTime:21 - <= ClientResource.checkClientId(..) :: Execution Time: 215ms
[2023-12-29 12:58:38.189] [LAPTOP-NOILROVL] [http-nio-8084-exec-9] INFO com.bizlog.rms.aspect.LoggingAspect@logInputAndExecutionTime:17 - => ClientResource.checkClientId(..) :: args: [2]
[2023-12-29 12:58:38.189] [LAPTOP-NOILROVL] [http-nio-8084-exec-9] INFO com.bizlog.rms.aspect.LoggingAspect@logInputAndExecutionTime:21 - <= ClientResource.checkClientId(..) :: Execution Time: 0ms
[2023-12-29 12:59:03.805] [LAPTOP-NOILROVL] [http-nio-8084-exec-1] INFO com.bizlog.rms.aspect.LoggingAspect@logInputAndExecutionTime:17 - => ClientResource.create(..) :: args: [ClientDTO(id=0, name=string, description=string, email=string@comcom.in, phoneNumber=string, domainName=string, active=true, type=string, dateOfOnboarding=0)]
[2023-12-29 12:59:03.938] [LAPTOP-NOILROVL] [http-nio-8084-exec-1] ERROR o.h.e.jdbc.spi.SqlExceptionHelper@logExceptions:138 - Data truncation: Incorrect datetime value: '0' for column 'date_of_onboarding' at row 1
[2023-12-29 12:59:03.953] [LAPTOP-NOILROVL] [http-nio-8084-exec-1] ERROR o.a.c.c.C.[.[.[.[dispatcherServlet]@log:175 - Servlet.service() for servlet [dispatcherServlet] in context with path [] threw exception [Request processing failed: org.springframework.dao.DataIntegrityViolationException: could not execute statement; SQL [n/a]] with root cause
com.mysql.cj.jdbc.exceptions.MysqlDataTruncation: Data truncation: Incorrect datetime value: '0' for column 'date_of_onboarding' at row 1
	at com.mysql.cj.jdbc.exceptions.SQLExceptionsMapping.translateException(SQLExceptionsMapping.java:104)
	at com.mysql.cj.jdbc.ClientPreparedStatement.executeInternal(ClientPreparedStatement.java:916)
	at com.mysql.cj.jdbc.ClientPreparedStatement.executeUpdateInternal(ClientPreparedStatement.java:1061)
	at com.mysql.cj.jdbc.ClientPreparedStatement.executeUpdateInternal(ClientPreparedStatement.java:1009)
	at com.mysql.cj.jdbc.ClientPreparedStatement.executeLargeUpdate(ClientPreparedStatement.java:1320)
	at com.mysql.cj.jdbc.ClientPreparedStatement.executeUpdate(ClientPreparedStatement.java:994)
	at com.zaxxer.hikari.pool.ProxyPreparedStatement.executeUpdate(ProxyPreparedStatement.java:61)
	at com.zaxxer.hikari.pool.HikariProxyPreparedStatement.executeUpdate(HikariProxyPreparedStatement.java)
	at org.hibernate.engine.jdbc.internal.ResultSetReturnImpl.executeUpdate(ResultSetReturnImpl.java:197)
	at org.hibernate.dialect.identity.GetGeneratedKeysDelegate.executeAndExtract(GetGeneratedKeysDelegate.java:57)
	at org.hibernate.id.insert.AbstractReturningDelegate.performInsert(AbstractReturningDelegate.java:42)
	at org.hibernate.persister.entity.AbstractEntityPersister.insert(AbstractEntityPersister.java:3327)
	at org.hibernate.persister.entity.AbstractEntityPersister.insert(AbstractEntityPersister.java:3965)
	at org.hibernate.action.internal.EntityIdentityInsertAction.execute(EntityIdentityInsertAction.java:80)
	at org.hibernate.engine.spi.ActionQueue.execute(ActionQueue.java:653)
	at org.hibernate.engine.spi.ActionQueue.addResolvedEntityInsertAction(ActionQueue.java:283)
	at org.hibernate.engine.spi.ActionQueue.addInsertAction(ActionQueue.java:264)
	at org.hibernate.engine.spi.ActionQueue.addAction(ActionQueue.java:322)
	at org.hibernate.event.internal.AbstractSaveEventListener.addInsertAction(AbstractSaveEventListener.java:340)
	at org.hibernate.event.internal.AbstractSaveEventListener.performSaveOrReplicate(AbstractSaveEventListener.java:286)
	at org.hibernate.event.internal.AbstractSaveEventListener.performSave(AbstractSaveEventListener.java:192)
	at org.hibernate.event.internal.AbstractSaveEventListener.saveWithGeneratedId(AbstractSaveEventListener.java:122)
	at org.hibernate.event.internal.DefaultMergeEventListener.saveTransientEntity(DefaultMergeEventListener.java:309)
	at org.hibernate.event.internal.DefaultMergeEventListener.entityIsTransient(DefaultMergeEventListener.java:249)
	at org.hibernate.event.internal.DefaultMergeEventListener.entityIsDetached(DefaultMergeEventListener.java:356)
	at org.hibernate.event.internal.DefaultMergeEventListener.onMerge(DefaultMergeEventListener.java:178)
	at org.hibernate.event.internal.DefaultMergeEventListener.onMerge(DefaultMergeEventListener.java:81)
	at org.hibernate.event.service.internal.EventListenerGroupImpl.fireEventOnEachListener(EventListenerGroupImpl.java:107)
	at org.hibernate.internal.SessionImpl.fireMerge(SessionImpl.java:830)
	at org.hibernate.internal.SessionImpl.merge(SessionImpl.java:816)
	at java.base/jdk.internal.reflect.DirectMethodHandleAccessor.invoke(DirectMethodHandleAccessor.java:104)
	at java.base/java.lang.reflect.Method.invoke(Method.java:578)
	at org.springframework.orm.jpa.SharedEntityManagerCreator$SharedEntityManagerInvocationHandler.invoke(SharedEntityManagerCreator.java:307)
	at jdk.proxy4/jdk.proxy4.$Proxy160.merge(Unknown Source)
	at org.springframework.data.jpa.repository.support.SimpleJpaRepository.save(SimpleJpaRepository.java:613)
	at java.base/jdk.internal.reflect.DirectMethodHandleAccessor.invoke(DirectMethodHandleAccessor.java:104)
	at java.base/java.lang.reflect.Method.invoke(Method.java:578)
	at org.springframework.data.repository.core.support.RepositoryMethodInvoker$RepositoryFragmentMethodInvoker.lambda$new$0(RepositoryMethodInvoker.java:288)
	at org.springframework.data.repository.core.support.RepositoryMethodInvoker.doInvoke(RepositoryMethodInvoker.java:136)
	at org.springframework.data.repository.core.support.RepositoryMethodInvoker.invoke(RepositoryMethodInvoker.java:120)
	at org.springframework.data.repository.core.support.RepositoryComposition$RepositoryFragments.invoke(RepositoryComposition.java:516)
	at org.springframework.data.repository.core.support.RepositoryComposition.invoke(RepositoryComposition.java:285)
	at org.springframework.data.repository.core.support.RepositoryFactorySupport$ImplementationMethodExecutionInterceptor.invoke(RepositoryFactorySupport.java:628)
	at org.springframework.aop.framework.ReflectiveMethodInvocation.proceed(ReflectiveMethodInvocation.java:184)
	at org.springframework.data.repository.core.support.QueryExecutorMethodInterceptor.doInvoke(QueryExecutorMethodInterceptor.java:168)
	at org.springframework.data.repository.core.support.QueryExecutorMethodInterceptor.invoke(QueryExecutorMethodInterceptor.java:143)
	at org.springframework.aop.framework.ReflectiveMethodInvocation.proceed(ReflectiveMethodInvocation.java:184)
	at org.springframework.data.projection.DefaultMethodInvokingMethodInterceptor.invoke(DefaultMethodInvokingMethodInterceptor.java:77)
	at org.springframework.aop.framework.ReflectiveMethodInvocation.proceed(ReflectiveMethodInvocation.java:184)
	at org.springframework.transaction.interceptor.TransactionInterceptor$1.proceedWithInvocation(TransactionInterceptor.java:123)
	at org.springframework.transaction.interceptor.TransactionAspectSupport.invokeWithinTransaction(TransactionAspectSupport.java:388)
	at org.springframework.transaction.interceptor.TransactionInterceptor.invoke(TransactionInterceptor.java:119)
	at org.springframework.aop.framework.ReflectiveMethodInvocation.proceed(ReflectiveMethodInvocation.java:184)
	at org.springframework.dao.support.PersistenceExceptionTranslationInterceptor.invoke(PersistenceExceptionTranslationInterceptor.java:137)
	at org.springframework.aop.framework.ReflectiveMethodInvocation.proceed(ReflectiveMethodInvocation.java:184)
	at org.springframework.data.jpa.repository.support.CrudMethodMetadataPostProcessor$CrudMethodMetadataPopulatingMethodInterceptor.invoke(CrudMethodMetadataPostProcessor.java:163)
	at org.springframework.aop.framework.ReflectiveMethodInvocation.proceed(ReflectiveMethodInvocation.java:184)
	at org.springframework.aop.interceptor.ExposeInvocationInterceptor.invoke(ExposeInvocationInterceptor.java:97)
	at org.springframework.aop.framework.ReflectiveMethodInvocation.proceed(ReflectiveMethodInvocation.java:184)
	at org.springframework.aop.framework.JdkDynamicAopProxy.invoke(JdkDynamicAopProxy.java:218)
	at jdk.proxy4/jdk.proxy4.$Proxy167.save(Unknown Source)
	at com.bizlog.rms.api.impl.ClientResource.create(ClientResource.java:33)
	at java.base/jdk.internal.reflect.DirectMethodHandleAccessor.invoke(DirectMethodHandleAccessor.java:104)
	at java.base/java.lang.reflect.Method.invoke(Method.java:578)
	at org.springframework.aop.support.AopUtils.invokeJoinpointUsingReflection(AopUtils.java:343)
	at org.springframework.aop.framework.ReflectiveMethodInvocation.invokeJoinpoint(ReflectiveMethodInvocation.java:196)
	at org.springframework.aop.framework.ReflectiveMethodInvocation.proceed(ReflectiveMethodInvocation.java:163)
	at org.springframework.aop.framework.CglibAopProxy$CglibMethodInvocation.proceed(CglibAopProxy.java:752)
	at org.springframework.aop.aspectj.MethodInvocationProceedingJoinPoint.proceed(MethodInvocationProceedingJoinPoint.java:89)
	at com.bizlog.rms.aspect.LoggingAspect.logInputAndExecutionTime(LoggingAspect.java:19)
	at java.base/jdk.internal.reflect.DirectMethodHandleAccessor.invoke(DirectMethodHandleAccessor.java:104)
	at java.base/java.lang.reflect.Method.invoke(Method.java:578)
	at org.springframework.aop.aspectj.AbstractAspectJAdvice.invokeAdviceMethodWithGivenArgs(AbstractAspectJAdvice.java:633)
	at org.springframework.aop.aspectj.AbstractAspectJAdvice.invokeAdviceMethod(AbstractAspectJAdvice.java:623)
	at org.springframework.aop.aspectj.AspectJAroundAdvice.invoke(AspectJAroundAdvice.java:71)
	at org.springframework.aop.framework.ReflectiveMethodInvocation.proceed(ReflectiveMethodInvocation.java:184)
	at org.springframework.aop.framework.CglibAopProxy$CglibMethodInvocation.proceed(CglibAopProxy.java:752)
	at org.springframework.transaction.interceptor.TransactionInterceptor$1.proceedWithInvocation(TransactionInterceptor.java:123)
	at org.springframework.transaction.interceptor.TransactionAspectSupport.invokeWithinTransaction(TransactionAspectSupport.java:388)
	at org.springframework.transaction.interceptor.TransactionInterceptor.invoke(TransactionInterceptor.java:119)
	at org.springframework.aop.framework.ReflectiveMethodInvocation.proceed(ReflectiveMethodInvocation.java:184)
	at org.springframework.aop.framework.CglibAopProxy$CglibMethodInvocation.proceed(CglibAopProxy.java:752)
	at org.springframework.aop.interceptor.ExposeInvocationInterceptor.invoke(ExposeInvocationInterceptor.java:97)
	at org.springframework.aop.framework.ReflectiveMethodInvocation.proceed(ReflectiveMethodInvocation.java:184)
	at org.springframework.aop.framework.CglibAopProxy$CglibMethodInvocation.proceed(CglibAopProxy.java:752)
	at org.springframework.aop.framework.CglibAopProxy$DynamicAdvisedInterceptor.intercept(CglibAopProxy.java:703)
	at com.bizlog.rms.api.impl.ClientResource$$SpringCGLIB$$0.create(<generated>)
	at java.base/jdk.internal.reflect.DirectMethodHandleAccessor.invoke(DirectMethodHandleAccessor.java:104)
	at java.base/java.lang.reflect.Method.invoke(Method.java:578)
	at org.springframework.web.method.support.InvocableHandlerMethod.doInvoke(InvocableHandlerMethod.java:207)
	at org.springframework.web.method.support.InvocableHandlerMethod.invokeForRequest(InvocableHandlerMethod.java:152)
	at org.springframework.web.servlet.mvc.method.annotation.ServletInvocableHandlerMethod.invokeAndHandle(ServletInvocableHandlerMethod.java:117)
	at org.springframework.web.servlet.mvc.method.annotation.RequestMappingHandlerAdapter.invokeHandlerMethod(RequestMappingHandlerAdapter.java:884)
	at org.springframework.web.servlet.mvc.method.annotation.RequestMappingHandlerAdapter.handleInternal(RequestMappingHandlerAdapter.java:797)
	at org.springframework.web.servlet.mvc.method.AbstractHandlerMethodAdapter.handle(AbstractHandlerMethodAdapter.java:87)
	at org.springframework.web.servlet.DispatcherServlet.doDispatch(DispatcherServlet.java:1080)
	at org.springframework.web.servlet.DispatcherServlet.doService(DispatcherServlet.java:973)
	at org.springframework.web.servlet.FrameworkServlet.processRequest(FrameworkServlet.java:1010)
	at org.springframework.web.servlet.FrameworkServlet.doPost(FrameworkServlet.java:913)
	at jakarta.servlet.http.HttpServlet.service(HttpServlet.java:731)
	at org.springframework.web.servlet.FrameworkServlet.service(FrameworkServlet.java:884)
	at jakarta.servlet.http.HttpServlet.service(HttpServlet.java:814)
	at org.apache.catalina.core.ApplicationFilterChain.internalDoFilter(ApplicationFilterChain.java:223)
	at org.apache.catalina.core.ApplicationFilterChain.doFilter(ApplicationFilterChain.java:158)
	at org.apache.tomcat.websocket.server.WsFilter.doFilter(WsFilter.java:53)
	at org.apache.catalina.core.ApplicationFilterChain.internalDoFilter(ApplicationFilterChain.java:185)
	at org.apache.catalina.core.ApplicationFilterChain.doFilter(ApplicationFilterChain.java:158)
	at org.springframework.web.filter.ServerHttpObservationFilter.doFilterInternal(ServerHttpObservationFilter.java:109)
	at org.springframework.web.filter.OncePerRequestFilter.doFilter(OncePerRequestFilter.java:116)
	at org.apache.catalina.core.ApplicationFilterChain.internalDoFilter(ApplicationFilterChain.java:185)
	at org.apache.catalina.core.ApplicationFilterChain.doFilter(ApplicationFilterChain.java:158)
	at org.springframework.web.filter.CharacterEncodingFilter.doFilterInternal(CharacterEncodingFilter.java:201)
	at org.springframework.web.filter.OncePerRequestFilter.doFilter(OncePerRequestFilter.java:116)
	at org.apache.catalina.core.ApplicationFilterChain.internalDoFilter(ApplicationFilterChain.java:185)
	at org.apache.catalina.core.ApplicationFilterChain.doFilter(ApplicationFilterChain.java:158)
	at org.apache.catalina.core.StandardWrapperValve.invoke(StandardWrapperValve.java:177)
	at org.apache.catalina.core.StandardContextValve.invoke(StandardContextValve.java:97)
	at org.apache.catalina.authenticator.AuthenticatorBase.invoke(AuthenticatorBase.java:542)
	at org.apache.catalina.core.StandardHostValve.invoke(StandardHostValve.java:119)
	at org.apache.catalina.valves.ErrorReportValve.invoke(ErrorReportValve.java:92)
	at org.apache.catalina.core.StandardEngineValve.invoke(StandardEngineValve.java:78)
	at org.apache.catalina.connector.CoyoteAdapter.service(CoyoteAdapter.java:357)
	at org.apache.coyote.http11.Http11Processor.service(Http11Processor.java:400)
	at org.apache.coyote.AbstractProcessorLight.process(AbstractProcessorLight.java:65)
	at org.apache.coyote.AbstractProtocol$ConnectionHandler.process(AbstractProtocol.java:859)
	at org.apache.tomcat.util.net.NioEndpoint$SocketProcessor.doRun(NioEndpoint.java:1734)
	at org.apache.tomcat.util.net.SocketProcessorBase.run(SocketProcessorBase.java:52)
	at org.apache.tomcat.util.threads.ThreadPoolExecutor.runWorker(ThreadPoolExecutor.java:1191)
	at org.apache.tomcat.util.threads.ThreadPoolExecutor$Worker.run(ThreadPoolExecutor.java:659)
	at org.apache.tomcat.util.threads.TaskThread$WrappingRunnable.run(TaskThread.java:61)
	at java.base/java.lang.Thread.run(Thread.java:1589)
[2023-12-29 12:59:31.059] [LAPTOP-NOILROVL] [http-nio-8084-exec-4] INFO com.bizlog.rms.aspect.LoggingAspect@logInputAndExecutionTime:17 - => ClientResource.create(..) :: args: [ClientDTO(id=0, name=string, description=string, email=string@comcom.in, phoneNumber=string, domainName=string, active=true, type=string, dateOfOnboarding=1703843943957)]
[2023-12-29 12:59:31.059] [LAPTOP-NOILROVL] [http-nio-8084-exec-4] ERROR o.h.e.jdbc.spi.SqlExceptionHelper@logExceptions:138 - Data truncation: Incorrect datetime value: '1703843943957' for column 'date_of_onboarding' at row 1
[2023-12-29 12:59:31.059] [LAPTOP-NOILROVL] [http-nio-8084-exec-4] ERROR o.a.c.c.C.[.[.[.[dispatcherServlet]@log:175 - Servlet.service() for servlet [dispatcherServlet] in context with path [] threw exception [Request processing failed: org.springframework.dao.DataIntegrityViolationException: could not execute statement; SQL [n/a]] with root cause
com.mysql.cj.jdbc.exceptions.MysqlDataTruncation: Data truncation: Incorrect datetime value: '1703843943957' for column 'date_of_onboarding' at row 1
	at com.mysql.cj.jdbc.exceptions.SQLExceptionsMapping.translateException(SQLExceptionsMapping.java:104)
	at com.mysql.cj.jdbc.ClientPreparedStatement.executeInternal(ClientPreparedStatement.java:916)
	at com.mysql.cj.jdbc.ClientPreparedStatement.executeUpdateInternal(ClientPreparedStatement.java:1061)
	at com.mysql.cj.jdbc.ClientPreparedStatement.executeUpdateInternal(ClientPreparedStatement.java:1009)
	at com.mysql.cj.jdbc.ClientPreparedStatement.executeLargeUpdate(ClientPreparedStatement.java:1320)
	at com.mysql.cj.jdbc.ClientPreparedStatement.executeUpdate(ClientPreparedStatement.java:994)
	at com.zaxxer.hikari.pool.ProxyPreparedStatement.executeUpdate(ProxyPreparedStatement.java:61)
	at com.zaxxer.hikari.pool.HikariProxyPreparedStatement.executeUpdate(HikariProxyPreparedStatement.java)
	at org.hibernate.engine.jdbc.internal.ResultSetReturnImpl.executeUpdate(ResultSetReturnImpl.java:197)
	at org.hibernate.dialect.identity.GetGeneratedKeysDelegate.executeAndExtract(GetGeneratedKeysDelegate.java:57)
	at org.hibernate.id.insert.AbstractReturningDelegate.performInsert(AbstractReturningDelegate.java:42)
	at org.hibernate.persister.entity.AbstractEntityPersister.insert(AbstractEntityPersister.java:3327)
	at org.hibernate.persister.entity.AbstractEntityPersister.insert(AbstractEntityPersister.java:3965)
	at org.hibernate.action.internal.EntityIdentityInsertAction.execute(EntityIdentityInsertAction.java:80)
	at org.hibernate.engine.spi.ActionQueue.execute(ActionQueue.java:653)
	at org.hibernate.engine.spi.ActionQueue.addResolvedEntityInsertAction(ActionQueue.java:283)
	at org.hibernate.engine.spi.ActionQueue.addInsertAction(ActionQueue.java:264)
	at org.hibernate.engine.spi.ActionQueue.addAction(ActionQueue.java:322)
	at org.hibernate.event.internal.AbstractSaveEventListener.addInsertAction(AbstractSaveEventListener.java:340)
	at org.hibernate.event.internal.AbstractSaveEventListener.performSaveOrReplicate(AbstractSaveEventListener.java:286)
	at org.hibernate.event.internal.AbstractSaveEventListener.performSave(AbstractSaveEventListener.java:192)
	at org.hibernate.event.internal.AbstractSaveEventListener.saveWithGeneratedId(AbstractSaveEventListener.java:122)
	at org.hibernate.event.internal.DefaultMergeEventListener.saveTransientEntity(DefaultMergeEventListener.java:309)
	at org.hibernate.event.internal.DefaultMergeEventListener.entityIsTransient(DefaultMergeEventListener.java:249)
	at org.hibernate.event.internal.DefaultMergeEventListener.entityIsDetached(DefaultMergeEventListener.java:356)
	at org.hibernate.event.internal.DefaultMergeEventListener.onMerge(DefaultMergeEventListener.java:178)
	at org.hibernate.event.internal.DefaultMergeEventListener.onMerge(DefaultMergeEventListener.java:81)
	at org.hibernate.event.service.internal.EventListenerGroupImpl.fireEventOnEachListener(EventListenerGroupImpl.java:107)
	at org.hibernate.internal.SessionImpl.fireMerge(SessionImpl.java:830)
	at org.hibernate.internal.SessionImpl.merge(SessionImpl.java:816)
	at java.base/jdk.internal.reflect.DirectMethodHandleAccessor.invoke(DirectMethodHandleAccessor.java:104)
	at java.base/java.lang.reflect.Method.invoke(Method.java:578)
	at org.springframework.orm.jpa.SharedEntityManagerCreator$SharedEntityManagerInvocationHandler.invoke(SharedEntityManagerCreator.java:307)
	at jdk.proxy4/jdk.proxy4.$Proxy160.merge(Unknown Source)
	at org.springframework.data.jpa.repository.support.SimpleJpaRepository.save(SimpleJpaRepository.java:613)
	at java.base/jdk.internal.reflect.DirectMethodHandleAccessor.invoke(DirectMethodHandleAccessor.java:104)
	at java.base/java.lang.reflect.Method.invoke(Method.java:578)
	at org.springframework.data.repository.core.support.RepositoryMethodInvoker$RepositoryFragmentMethodInvoker.lambda$new$0(RepositoryMethodInvoker.java:288)
	at org.springframework.data.repository.core.support.RepositoryMethodInvoker.doInvoke(RepositoryMethodInvoker.java:136)
	at org.springframework.data.repository.core.support.RepositoryMethodInvoker.invoke(RepositoryMethodInvoker.java:120)
	at org.springframework.data.repository.core.support.RepositoryComposition$RepositoryFragments.invoke(RepositoryComposition.java:516)
	at org.springframework.data.repository.core.support.RepositoryComposition.invoke(RepositoryComposition.java:285)
	at org.springframework.data.repository.core.support.RepositoryFactorySupport$ImplementationMethodExecutionInterceptor.invoke(RepositoryFactorySupport.java:628)
	at org.springframework.aop.framework.ReflectiveMethodInvocation.proceed(ReflectiveMethodInvocation.java:184)
	at org.springframework.data.repository.core.support.QueryExecutorMethodInterceptor.doInvoke(QueryExecutorMethodInterceptor.java:168)
	at org.springframework.data.repository.core.support.QueryExecutorMethodInterceptor.invoke(QueryExecutorMethodInterceptor.java:143)
	at org.springframework.aop.framework.ReflectiveMethodInvocation.proceed(ReflectiveMethodInvocation.java:184)
	at org.springframework.data.projection.DefaultMethodInvokingMethodInterceptor.invoke(DefaultMethodInvokingMethodInterceptor.java:77)
	at org.springframework.aop.framework.ReflectiveMethodInvocation.proceed(ReflectiveMethodInvocation.java:184)
	at org.springframework.transaction.interceptor.TransactionInterceptor$1.proceedWithInvocation(TransactionInterceptor.java:123)
	at org.springframework.transaction.interceptor.TransactionAspectSupport.invokeWithinTransaction(TransactionAspectSupport.java:388)
	at org.springframework.transaction.interceptor.TransactionInterceptor.invoke(TransactionInterceptor.java:119)
	at org.springframework.aop.framework.ReflectiveMethodInvocation.proceed(ReflectiveMethodInvocation.java:184)
	at org.springframework.dao.support.PersistenceExceptionTranslationInterceptor.invoke(PersistenceExceptionTranslationInterceptor.java:137)
	at org.springframework.aop.framework.ReflectiveMethodInvocation.proceed(ReflectiveMethodInvocation.java:184)
	at org.springframework.data.jpa.repository.support.CrudMethodMetadataPostProcessor$CrudMethodMetadataPopulatingMethodInterceptor.invoke(CrudMethodMetadataPostProcessor.java:163)
	at org.springframework.aop.framework.ReflectiveMethodInvocation.proceed(ReflectiveMethodInvocation.java:184)
	at org.springframework.aop.interceptor.ExposeInvocationInterceptor.invoke(ExposeInvocationInterceptor.java:97)
	at org.springframework.aop.framework.ReflectiveMethodInvocation.proceed(ReflectiveMethodInvocation.java:184)
	at org.springframework.aop.framework.JdkDynamicAopProxy.invoke(JdkDynamicAopProxy.java:218)
	at jdk.proxy4/jdk.proxy4.$Proxy167.save(Unknown Source)
	at com.bizlog.rms.api.impl.ClientResource.create(ClientResource.java:33)
	at java.base/jdk.internal.reflect.DirectMethodHandleAccessor.invoke(DirectMethodHandleAccessor.java:104)
	at java.base/java.lang.reflect.Method.invoke(Method.java:578)
	at org.springframework.aop.support.AopUtils.invokeJoinpointUsingReflection(AopUtils.java:343)
	at org.springframework.aop.framework.ReflectiveMethodInvocation.invokeJoinpoint(ReflectiveMethodInvocation.java:196)
	at org.springframework.aop.framework.ReflectiveMethodInvocation.proceed(ReflectiveMethodInvocation.java:163)
	at org.springframework.aop.framework.CglibAopProxy$CglibMethodInvocation.proceed(CglibAopProxy.java:752)
	at org.springframework.aop.aspectj.MethodInvocationProceedingJoinPoint.proceed(MethodInvocationProceedingJoinPoint.java:89)
	at com.bizlog.rms.aspect.LoggingAspect.logInputAndExecutionTime(LoggingAspect.java:19)
	at java.base/jdk.internal.reflect.DirectMethodHandleAccessor.invoke(DirectMethodHandleAccessor.java:104)
	at java.base/java.lang.reflect.Method.invoke(Method.java:578)
	at org.springframework.aop.aspectj.AbstractAspectJAdvice.invokeAdviceMethodWithGivenArgs(AbstractAspectJAdvice.java:633)
	at org.springframework.aop.aspectj.AbstractAspectJAdvice.invokeAdviceMethod(AbstractAspectJAdvice.java:623)
	at org.springframework.aop.aspectj.AspectJAroundAdvice.invoke(AspectJAroundAdvice.java:71)
	at org.springframework.aop.framework.ReflectiveMethodInvocation.proceed(ReflectiveMethodInvocation.java:184)
	at org.springframework.aop.framework.CglibAopProxy$CglibMethodInvocation.proceed(CglibAopProxy.java:752)
	at org.springframework.transaction.interceptor.TransactionInterceptor$1.proceedWithInvocation(TransactionInterceptor.java:123)
	at org.springframework.transaction.interceptor.TransactionAspectSupport.invokeWithinTransaction(TransactionAspectSupport.java:388)
	at org.springframework.transaction.interceptor.TransactionInterceptor.invoke(TransactionInterceptor.java:119)
	at org.springframework.aop.framework.ReflectiveMethodInvocation.proceed(ReflectiveMethodInvocation.java:184)
	at org.springframework.aop.framework.CglibAopProxy$CglibMethodInvocation.proceed(CglibAopProxy.java:752)
	at org.springframework.aop.interceptor.ExposeInvocationInterceptor.invoke(ExposeInvocationInterceptor.java:97)
	at org.springframework.aop.framework.ReflectiveMethodInvocation.proceed(ReflectiveMethodInvocation.java:184)
	at org.springframework.aop.framework.CglibAopProxy$CglibMethodInvocation.proceed(CglibAopProxy.java:752)
	at org.springframework.aop.framework.CglibAopProxy$DynamicAdvisedInterceptor.intercept(CglibAopProxy.java:703)
	at com.bizlog.rms.api.impl.ClientResource$$SpringCGLIB$$0.create(<generated>)
	at java.base/jdk.internal.reflect.DirectMethodHandleAccessor.invoke(DirectMethodHandleAccessor.java:104)
	at java.base/java.lang.reflect.Method.invoke(Method.java:578)
	at org.springframework.web.method.support.InvocableHandlerMethod.doInvoke(InvocableHandlerMethod.java:207)
	at org.springframework.web.method.support.InvocableHandlerMethod.invokeForRequest(InvocableHandlerMethod.java:152)
	at org.springframework.web.servlet.mvc.method.annotation.ServletInvocableHandlerMethod.invokeAndHandle(ServletInvocableHandlerMethod.java:117)
	at org.springframework.web.servlet.mvc.method.annotation.RequestMappingHandlerAdapter.invokeHandlerMethod(RequestMappingHandlerAdapter.java:884)
	at org.springframework.web.servlet.mvc.method.annotation.RequestMappingHandlerAdapter.handleInternal(RequestMappingHandlerAdapter.java:797)
	at org.springframework.web.servlet.mvc.method.AbstractHandlerMethodAdapter.handle(AbstractHandlerMethodAdapter.java:87)
	at org.springframework.web.servlet.DispatcherServlet.doDispatch(DispatcherServlet.java:1080)
	at org.springframework.web.servlet.DispatcherServlet.doService(DispatcherServlet.java:973)
	at org.springframework.web.servlet.FrameworkServlet.processRequest(FrameworkServlet.java:1010)
	at org.springframework.web.servlet.FrameworkServlet.doPost(FrameworkServlet.java:913)
	at jakarta.servlet.http.HttpServlet.service(HttpServlet.java:731)
	at org.springframework.web.servlet.FrameworkServlet.service(FrameworkServlet.java:884)
	at jakarta.servlet.http.HttpServlet.service(HttpServlet.java:814)
	at org.apache.catalina.core.ApplicationFilterChain.internalDoFilter(ApplicationFilterChain.java:223)
	at org.apache.catalina.core.ApplicationFilterChain.doFilter(ApplicationFilterChain.java:158)
	at org.apache.tomcat.websocket.server.WsFilter.doFilter(WsFilter.java:53)
	at org.apache.catalina.core.ApplicationFilterChain.internalDoFilter(ApplicationFilterChain.java:185)
	at org.apache.catalina.core.ApplicationFilterChain.doFilter(ApplicationFilterChain.java:158)
	at org.springframework.web.filter.ServerHttpObservationFilter.doFilterInternal(ServerHttpObservationFilter.java:109)
	at org.springframework.web.filter.OncePerRequestFilter.doFilter(OncePerRequestFilter.java:116)
	at org.apache.catalina.core.ApplicationFilterChain.internalDoFilter(ApplicationFilterChain.java:185)
	at org.apache.catalina.core.ApplicationFilterChain.doFilter(ApplicationFilterChain.java:158)
	at org.springframework.web.filter.CharacterEncodingFilter.doFilterInternal(CharacterEncodingFilter.java:201)
	at org.springframework.web.filter.OncePerRequestFilter.doFilter(OncePerRequestFilter.java:116)
	at org.apache.catalina.core.ApplicationFilterChain.internalDoFilter(ApplicationFilterChain.java:185)
	at org.apache.catalina.core.ApplicationFilterChain.doFilter(ApplicationFilterChain.java:158)
	at org.apache.catalina.core.StandardWrapperValve.invoke(StandardWrapperValve.java:177)
	at org.apache.catalina.core.StandardContextValve.invoke(StandardContextValve.java:97)
	at org.apache.catalina.authenticator.AuthenticatorBase.invoke(AuthenticatorBase.java:542)
	at org.apache.catalina.core.StandardHostValve.invoke(StandardHostValve.java:119)
	at org.apache.catalina.valves.ErrorReportValve.invoke(ErrorReportValve.java:92)
	at org.apache.catalina.core.StandardEngineValve.invoke(StandardEngineValve.java:78)
	at org.apache.catalina.connector.CoyoteAdapter.service(CoyoteAdapter.java:357)
	at org.apache.coyote.http11.Http11Processor.service(Http11Processor.java:400)
	at org.apache.coyote.AbstractProcessorLight.process(AbstractProcessorLight.java:65)
	at org.apache.coyote.AbstractProtocol$ConnectionHandler.process(AbstractProtocol.java:859)
	at org.apache.tomcat.util.net.NioEndpoint$SocketProcessor.doRun(NioEndpoint.java:1734)
	at org.apache.tomcat.util.net.SocketProcessorBase.run(SocketProcessorBase.java:52)
	at org.apache.tomcat.util.threads.ThreadPoolExecutor.runWorker(ThreadPoolExecutor.java:1191)
	at org.apache.tomcat.util.threads.ThreadPoolExecutor$Worker.run(ThreadPoolExecutor.java:659)
	at org.apache.tomcat.util.threads.TaskThread$WrappingRunnable.run(TaskThread.java:61)
	at java.base/java.lang.Thread.run(Thread.java:1589)
[2023-12-29 13:03:47.781] [LAPTOP-NOILROVL] [SpringApplicationShutdownHook] INFO o.s.o.j.LocalContainerEntityManagerFactoryBean@destroy:650 - Closing JPA EntityManagerFactory for persistence unit 'default'
[2023-12-29 13:03:47.798] [LAPTOP-NOILROVL] [SpringApplicationShutdownHook] INFO com.zaxxer.hikari.HikariDataSource@close:350 - master - Shutdown initiated...
[2023-12-29 13:03:47.803] [LAPTOP-NOILROVL] [SpringApplicationShutdownHook] INFO com.zaxxer.hikari.HikariDataSource@close:352 - master - Shutdown completed.
[2023-12-29 13:04:28.919] [LAPTOP-NOILROVL] [restartedMain] INFO com.bizlog.rms.COSApiApplication@logStarting:51 - Starting COSApiApplication using Java 19 with PID 15688 (C:\kmss_workspace\cos-api\target\classes started by akash in C:\kmss_workspace\cos-api)
[2023-12-29 13:04:28.935] [LAPTOP-NOILROVL] [restartedMain] INFO com.bizlog.rms.COSApiApplication@logStartupProfileInfo:636 - The following 1 profile is active: "dev"
[2023-12-29 13:04:29.070] [LAPTOP-NOILROVL] [restartedMain] INFO o.s.b.d.e.DevToolsPropertyDefaultsPostProcessor@logTo:250 - Devtools property defaults active! Set 'spring.devtools.add-properties' to 'false' to disable
[2023-12-29 13:04:29.070] [LAPTOP-NOILROVL] [restartedMain] INFO o.s.b.d.e.DevToolsPropertyDefaultsPostProcessor@logTo:250 - For additional web related logging consider setting the 'logging.level.web' property to 'DEBUG'
[2023-12-29 13:04:33.277] [LAPTOP-NOILROVL] [restartedMain] INFO o.s.d.r.c.RepositoryConfigurationDelegate@registerRepositoriesIn:138 - Bootstrapping Spring Data JPA repositories in DEFAULT mode.
[2023-12-29 13:04:33.509] [LAPTOP-NOILROVL] [restartedMain] INFO o.s.d.r.c.RepositoryConfigurationDelegate@registerRepositoriesIn:208 - Finished Spring Data repository scanning in 211 ms. Found 16 JPA repository interfaces.
[2023-12-29 13:04:34.008] [LAPTOP-NOILROVL] [restartedMain] INFO o.s.cloud.context.scope.GenericScope@setSerializationId:282 - BeanFactory id=74a9dd2f-1af6-38d0-ad0b-d06839241267
[2023-12-29 13:04:36.247] [LAPTOP-NOILROVL] [restartedMain] INFO o.s.b.w.e.tomcat.TomcatWebServer@initialize:108 - Tomcat initialized with port(s): 8084 (http)
[2023-12-29 13:04:36.284] [LAPTOP-NOILROVL] [restartedMain] INFO o.a.coyote.http11.Http11NioProtocol@log:173 - Initializing ProtocolHandler ["http-nio-8084"]
[2023-12-29 13:04:36.286] [LAPTOP-NOILROVL] [restartedMain] INFO o.a.catalina.core.StandardService@log:173 - Starting service [Tomcat]
[2023-12-29 13:04:36.287] [LAPTOP-NOILROVL] [restartedMain] INFO o.a.catalina.core.StandardEngine@log:173 - Starting Servlet engine: [Apache Tomcat/10.1.4]
[2023-12-29 13:04:36.493] [LAPTOP-NOILROVL] [restartedMain] INFO o.a.c.c.C.[Tomcat].[localhost].[/]@log:173 - Initializing Spring embedded WebApplicationContext
[2023-12-29 13:04:36.506] [LAPTOP-NOILROVL] [restartedMain] INFO o.s.b.w.s.c.ServletWebServerApplicationContext@prepareWebApplicationContext:291 - Root WebApplicationContext: initialization completed in 7422 ms
[2023-12-29 13:04:37.831] [LAPTOP-NOILROVL] [restartedMain] WARN com.zaxxer.hikari.HikariConfig@validateNumerics:1081 - master - idleTimeout is close to or more than maxLifetime, disabling it.
[2023-12-29 13:04:37.833] [LAPTOP-NOILROVL] [restartedMain] INFO com.zaxxer.hikari.HikariDataSource@getConnection:110 - master - Starting...
[2023-12-29 13:04:38.225] [LAPTOP-NOILROVL] [restartedMain] INFO com.zaxxer.hikari.pool.HikariPool@checkFailFast:565 - master - Added connection com.mysql.cj.jdbc.ConnectionImpl@39a2f7dc
[2023-12-29 13:04:38.228] [LAPTOP-NOILROVL] [restartedMain] INFO com.zaxxer.hikari.HikariDataSource@getConnection:123 - master - Start completed.
[2023-12-29 13:04:38.376] [LAPTOP-NOILROVL] [restartedMain] INFO SQL dialect@logSelectedDialect:66 - HHH000400: Using dialect: org.hibernate.dialect.MySQLDialect
[2023-12-29 13:04:41.248] [LAPTOP-NOILROVL] [restartedMain] INFO o.s.o.j.LocalContainerEntityManagerFactoryBean@buildNativeEntityManagerFactory:437 - Initialized JPA EntityManagerFactory for persistence unit 'default'
[2023-12-29 13:04:45.964] [LAPTOP-NOILROVL] [restartedMain] INFO o.s.b.a.e.web.EndpointLinksResolver@<init>:58 - Exposing 1 endpoint(s) beneath base path '/actuator'
[2023-12-29 13:04:47.251] [LAPTOP-NOILROVL] [restartedMain] WARN o.s.b.d.a.OptionalLiveReloadServer@startServer:62 - Unable to start LiveReload server
[2023-12-29 13:04:47.810] [LAPTOP-NOILROVL] [restartedMain] INFO o.a.coyote.http11.Http11NioProtocol@log:173 - Starting ProtocolHandler ["http-nio-8084"]
[2023-12-29 13:04:47.853] [LAPTOP-NOILROVL] [restartedMain] INFO o.s.b.w.e.tomcat.TomcatWebServer@start:220 - Tomcat started on port(s): 8084 (http) with context path ''
[2023-12-29 13:04:48.253] [LAPTOP-NOILROVL] [restartedMain] INFO com.bizlog.rms.COSApiApplication@logStarted:57 - Started COSApiApplication in 24.479 seconds (process running for 26.437)
[2023-12-29 13:05:14.712] [LAPTOP-NOILROVL] [http-nio-8084-exec-1] INFO o.a.c.c.C.[Tomcat].[localhost].[/]@log:173 - Initializing Spring DispatcherServlet 'dispatcherServlet'
[2023-12-29 13:05:14.712] [LAPTOP-NOILROVL] [http-nio-8084-exec-1] INFO o.s.web.servlet.DispatcherServlet@initServletBean:532 - Initializing Servlet 'dispatcherServlet'
[2023-12-29 13:05:14.712] [LAPTOP-NOILROVL] [http-nio-8084-exec-1] INFO o.s.web.servlet.DispatcherServlet@initServletBean:554 - Completed initialization in 0 ms
[2023-12-29 13:05:14.838] [LAPTOP-NOILROVL] [http-nio-8084-exec-1] WARN o.s.w.s.m.s.DefaultHandlerExceptionResolver@logException:207 - Resolved [org.springframework.http.converter.HttpMessageNotReadableException: JSON parse error: raw timestamp (1703843943957) not allowed for `java.time.LocalDateTime`: need additional information such as an offset or time-zone (see class Javadocs)]
[2023-12-29 13:05:36.829] [LAPTOP-NOILROVL] [http-nio-8084-exec-6] INFO o.s.api.AbstractOpenApiResource@getOpenApi:371 - Init duration for springdoc-openapi is: 1631 ms
[2023-12-29 13:05:46.740] [LAPTOP-NOILROVL] [http-nio-8084-exec-9] INFO com.bizlog.rms.aspect.LoggingAspect@logInputAndExecutionTime:17 - => ClientResource.create(..) :: args: [ClientDTO(id=0, name=string, description=string, email=string, phoneNumber=string, domainName=string, active=true, type=string, dateOfOnboarding=2023-12-29T10:05:44.500)]
[2023-12-29 13:05:46.925] [LAPTOP-NOILROVL] [http-nio-8084-exec-9] INFO com.bizlog.rms.aspect.LoggingAspect@logInputAndExecutionTime:21 - <= ClientResource.create(..) :: Execution Time: 185ms
[2023-12-29 13:07:00.819] [LAPTOP-NOILROVL] [SpringApplicationShutdownHook] INFO o.s.o.j.LocalContainerEntityManagerFactoryBean@destroy:650 - Closing JPA EntityManagerFactory for persistence unit 'default'
[2023-12-29 13:07:00.841] [LAPTOP-NOILROVL] [SpringApplicationShutdownHook] INFO com.zaxxer.hikari.HikariDataSource@close:350 - master - Shutdown initiated...
[2023-12-29 13:07:00.923] [LAPTOP-NOILROVL] [SpringApplicationShutdownHook] INFO com.zaxxer.hikari.HikariDataSource@close:352 - master - Shutdown completed.
[2023-12-29 13:08:02.720] [LAPTOP-NOILROVL] [restartedMain] INFO com.bizlog.rms.COSApiApplication@logStarting:51 - Starting COSApiApplication using Java 19 with PID 13056 (C:\kmss_workspace\cos-api\target\classes started by akash in C:\kmss_workspace\cos-api)
[2023-12-29 13:08:02.727] [LAPTOP-NOILROVL] [restartedMain] INFO com.bizlog.rms.COSApiApplication@logStartupProfileInfo:636 - The following 1 profile is active: "dev"
[2023-12-29 13:08:02.838] [LAPTOP-NOILROVL] [restartedMain] INFO o.s.b.d.e.DevToolsPropertyDefaultsPostProcessor@logTo:250 - Devtools property defaults active! Set 'spring.devtools.add-properties' to 'false' to disable
[2023-12-29 13:08:02.839] [LAPTOP-NOILROVL] [restartedMain] INFO o.s.b.d.e.DevToolsPropertyDefaultsPostProcessor@logTo:250 - For additional web related logging consider setting the 'logging.level.web' property to 'DEBUG'
[2023-12-29 13:08:06.419] [LAPTOP-NOILROVL] [restartedMain] INFO o.s.d.r.c.RepositoryConfigurationDelegate@registerRepositoriesIn:138 - Bootstrapping Spring Data JPA repositories in DEFAULT mode.
[2023-12-29 13:08:06.660] [LAPTOP-NOILROVL] [restartedMain] INFO o.s.d.r.c.RepositoryConfigurationDelegate@registerRepositoriesIn:208 - Finished Spring Data repository scanning in 224 ms. Found 16 JPA repository interfaces.
[2023-12-29 13:08:07.135] [LAPTOP-NOILROVL] [restartedMain] INFO o.s.cloud.context.scope.GenericScope@setSerializationId:282 - BeanFactory id=74a9dd2f-1af6-38d0-ad0b-d06839241267
[2023-12-29 13:08:09.185] [LAPTOP-NOILROVL] [restartedMain] INFO o.s.b.w.e.tomcat.TomcatWebServer@initialize:108 - Tomcat initialized with port(s): 8084 (http)
[2023-12-29 13:08:09.224] [LAPTOP-NOILROVL] [restartedMain] INFO o.a.coyote.http11.Http11NioProtocol@log:173 - Initializing ProtocolHandler ["http-nio-8084"]
[2023-12-29 13:08:09.225] [LAPTOP-NOILROVL] [restartedMain] INFO o.a.catalina.core.StandardService@log:173 - Starting service [Tomcat]
[2023-12-29 13:08:09.226] [LAPTOP-NOILROVL] [restartedMain] INFO o.a.catalina.core.StandardEngine@log:173 - Starting Servlet engine: [Apache Tomcat/10.1.4]
[2023-12-29 13:08:09.442] [LAPTOP-NOILROVL] [restartedMain] INFO o.a.c.c.C.[Tomcat].[localhost].[/]@log:173 - Initializing Spring embedded WebApplicationContext
[2023-12-29 13:08:09.453] [LAPTOP-NOILROVL] [restartedMain] INFO o.s.b.w.s.c.ServletWebServerApplicationContext@prepareWebApplicationContext:291 - Root WebApplicationContext: initialization completed in 6600 ms
[2023-12-29 13:08:11.403] [LAPTOP-NOILROVL] [restartedMain] WARN com.zaxxer.hikari.HikariConfig@validateNumerics:1081 - master - idleTimeout is close to or more than maxLifetime, disabling it.
[2023-12-29 13:08:11.406] [LAPTOP-NOILROVL] [restartedMain] INFO com.zaxxer.hikari.HikariDataSource@getConnection:110 - master - Starting...
[2023-12-29 13:08:12.111] [LAPTOP-NOILROVL] [restartedMain] INFO com.zaxxer.hikari.pool.HikariPool@checkFailFast:565 - master - Added connection com.mysql.cj.jdbc.ConnectionImpl@1e959e18
[2023-12-29 13:08:12.115] [LAPTOP-NOILROVL] [restartedMain] INFO com.zaxxer.hikari.HikariDataSource@getConnection:123 - master - Start completed.
[2023-12-29 13:08:12.860] [LAPTOP-NOILROVL] [restartedMain] INFO SQL dialect@logSelectedDialect:66 - HHH000400: Using dialect: org.hibernate.dialect.MySQLDialect
[2023-12-29 13:08:16.991] [LAPTOP-NOILROVL] [restartedMain] INFO o.s.o.j.LocalContainerEntityManagerFactoryBean@buildNativeEntityManagerFactory:437 - Initialized JPA EntityManagerFactory for persistence unit 'default'
[2023-12-29 13:08:21.877] [LAPTOP-NOILROVL] [restartedMain] INFO o.s.b.a.e.web.EndpointLinksResolver@<init>:58 - Exposing 1 endpoint(s) beneath base path '/actuator'
[2023-12-29 13:08:23.140] [LAPTOP-NOILROVL] [restartedMain] WARN o.s.b.d.a.OptionalLiveReloadServer@startServer:62 - Unable to start LiveReload server
[2023-12-29 13:08:23.733] [LAPTOP-NOILROVL] [restartedMain] INFO o.a.coyote.http11.Http11NioProtocol@log:173 - Starting ProtocolHandler ["http-nio-8084"]
[2023-12-29 13:08:23.840] [LAPTOP-NOILROVL] [restartedMain] INFO o.s.b.w.e.tomcat.TomcatWebServer@start:220 - Tomcat started on port(s): 8084 (http) with context path ''
[2023-12-29 13:08:24.250] [LAPTOP-NOILROVL] [restartedMain] INFO com.bizlog.rms.COSApiApplication@logStarted:57 - Started COSApiApplication in 26.605 seconds (process running for 28.401)
[2023-12-29 13:08:36.273] [LAPTOP-NOILROVL] [http-nio-8084-exec-1] INFO o.a.c.c.C.[Tomcat].[localhost].[/]@log:173 - Initializing Spring DispatcherServlet 'dispatcherServlet'
[2023-12-29 13:08:36.277] [LAPTOP-NOILROVL] [http-nio-8084-exec-1] INFO o.s.web.servlet.DispatcherServlet@initServletBean:532 - Initializing Servlet 'dispatcherServlet'
[2023-12-29 13:08:36.281] [LAPTOP-NOILROVL] [http-nio-8084-exec-1] INFO o.s.web.servlet.DispatcherServlet@initServletBean:554 - Completed initialization in 2 ms
[2023-12-29 13:08:38.957] [LAPTOP-NOILROVL] [http-nio-8084-exec-4] INFO o.s.api.AbstractOpenApiResource@getOpenApi:371 - Init duration for springdoc-openapi is: 1787 ms
[2023-12-29 13:08:46.453] [LAPTOP-NOILROVL] [http-nio-8084-exec-8] INFO com.bizlog.rms.aspect.LoggingAspect@logInputAndExecutionTime:17 - => ClientResource.create(..) :: args: [ClientDTO(id=0, name=string, description=string, email=string, phoneNumber=string, domainName=string, active=true, type=string, dateOfOnboarding=2023-12-29)]
[2023-12-29 13:08:46.690] [LAPTOP-NOILROVL] [http-nio-8084-exec-8] INFO com.bizlog.rms.aspect.LoggingAspect@logInputAndExecutionTime:21 - <= ClientResource.create(..) :: Execution Time: 237ms
[2023-12-29 13:09:49.337] [LAPTOP-NOILROVL] [http-nio-8084-exec-10] WARN o.s.web.servlet.PageNotFound@noHandlerFound:1291 - No mapping for GET /api/v1/client/is-client-exist/1
[2023-12-29 13:11:03.411] [LAPTOP-NOILROVL] [http-nio-8084-exec-1] WARN o.s.web.servlet.PageNotFound@noHandlerFound:1291 - No mapping for GET /api/v1/client/is-client-exist/4
[2023-12-29 13:15:26.237] [LAPTOP-NOILROVL] [http-nio-8084-exec-3] WARN o.s.web.servlet.PageNotFound@noHandlerFound:1291 - No mapping for GET /api/v1/client/is-client-exist/4
[2023-12-29 13:18:31.921] [LAPTOP-NOILROVL] [http-nio-8084-exec-1] INFO com.bizlog.rms.aspect.LoggingAspect@logInputAndExecutionTime:17 - => ClientResource.checkClientId(..) :: args: [1]
[2023-12-29 13:18:32.108] [LAPTOP-NOILROVL] [http-nio-8084-exec-1] INFO com.bizlog.rms.aspect.LoggingAspect@logInputAndExecutionTime:21 - <= ClientResource.checkClientId(..) :: Execution Time: 187ms
[2023-12-29 13:19:30.787] [LAPTOP-NOILROVL] [http-nio-8084-exec-2] INFO com.bizlog.rms.aspect.LoggingAspect@logInputAndExecutionTime:17 - => ClientResource.checkClientId(..) :: args: [1]
[2023-12-29 13:19:30.796] [LAPTOP-NOILROVL] [http-nio-8084-exec-2] INFO com.bizlog.rms.aspect.LoggingAspect@logInputAndExecutionTime:21 - <= ClientResource.checkClientId(..) :: Execution Time: 9ms
[2023-12-29 13:20:22.274] [LAPTOP-NOILROVL] [SpringApplicationShutdownHook] INFO o.s.o.j.LocalContainerEntityManagerFactoryBean@destroy:650 - Closing JPA EntityManagerFactory for persistence unit 'default'
[2023-12-29 13:20:22.282] [LAPTOP-NOILROVL] [SpringApplicationShutdownHook] INFO com.zaxxer.hikari.HikariDataSource@close:350 - master - Shutdown initiated...
[2023-12-29 13:20:22.289] [LAPTOP-NOILROVL] [SpringApplicationShutdownHook] INFO com.zaxxer.hikari.HikariDataSource@close:352 - master - Shutdown completed.
[2023-12-29 14:55:11.259] [LAPTOP-NOILROVL] [restartedMain] INFO com.bizlog.rms.COSApiApplication@logStarting:51 - Starting COSApiApplication using Java 19 with PID 23308 (C:\kmss_workspace\cos-api\target\classes started by akash in C:\kmss_workspace\cos-api)
[2023-12-29 14:55:11.263] [LAPTOP-NOILROVL] [restartedMain] INFO com.bizlog.rms.COSApiApplication@logStartupProfileInfo:636 - The following 1 profile is active: "dev"
[2023-12-29 14:55:11.379] [LAPTOP-NOILROVL] [restartedMain] INFO o.s.b.d.e.DevToolsPropertyDefaultsPostProcessor@logTo:250 - Devtools property defaults active! Set 'spring.devtools.add-properties' to 'false' to disable
[2023-12-29 14:55:11.380] [LAPTOP-NOILROVL] [restartedMain] INFO o.s.b.d.e.DevToolsPropertyDefaultsPostProcessor@logTo:250 - For additional web related logging consider setting the 'logging.level.web' property to 'DEBUG'
[2023-12-29 14:55:15.892] [LAPTOP-NOILROVL] [restartedMain] INFO o.s.d.r.c.RepositoryConfigurationDelegate@registerRepositoriesIn:138 - Bootstrapping Spring Data JPA repositories in DEFAULT mode.
[2023-12-29 14:55:16.064] [LAPTOP-NOILROVL] [restartedMain] INFO o.s.d.r.c.RepositoryConfigurationDelegate@registerRepositoriesIn:208 - Finished Spring Data repository scanning in 164 ms. Found 16 JPA repository interfaces.
[2023-12-29 14:55:16.973] [LAPTOP-NOILROVL] [restartedMain] INFO o.s.cloud.context.scope.GenericScope@setSerializationId:282 - BeanFactory id=74a9dd2f-1af6-38d0-ad0b-d06839241267
[2023-12-29 14:55:19.588] [LAPTOP-NOILROVL] [restartedMain] INFO o.s.b.w.e.tomcat.TomcatWebServer@initialize:108 - Tomcat initialized with port(s): 8084 (http)
[2023-12-29 14:55:19.621] [LAPTOP-NOILROVL] [restartedMain] INFO o.a.coyote.http11.Http11NioProtocol@log:173 - Initializing ProtocolHandler ["http-nio-8084"]
[2023-12-29 14:55:19.622] [LAPTOP-NOILROVL] [restartedMain] INFO o.a.catalina.core.StandardService@log:173 - Starting service [Tomcat]
[2023-12-29 14:55:19.622] [LAPTOP-NOILROVL] [restartedMain] INFO o.a.catalina.core.StandardEngine@log:173 - Starting Servlet engine: [Apache Tomcat/10.1.4]
[2023-12-29 14:55:19.733] [LAPTOP-NOILROVL] [restartedMain] INFO o.a.c.c.C.[Tomcat].[localhost].[/]@log:173 - Initializing Spring embedded WebApplicationContext
[2023-12-29 14:55:19.736] [LAPTOP-NOILROVL] [restartedMain] INFO o.s.b.w.s.c.ServletWebServerApplicationContext@prepareWebApplicationContext:291 - Root WebApplicationContext: initialization completed in 8352 ms
[2023-12-29 14:55:21.668] [LAPTOP-NOILROVL] [restartedMain] WARN com.zaxxer.hikari.HikariConfig@validateNumerics:1081 - master - idleTimeout is close to or more than maxLifetime, disabling it.
[2023-12-29 14:55:21.669] [LAPTOP-NOILROVL] [restartedMain] INFO com.zaxxer.hikari.HikariDataSource@getConnection:110 - master - Starting...
[2023-12-29 14:55:23.054] [LAPTOP-NOILROVL] [restartedMain] INFO com.zaxxer.hikari.pool.HikariPool@checkFailFast:565 - master - Added connection com.mysql.cj.jdbc.ConnectionImpl@4d63c748
[2023-12-29 14:55:23.056] [LAPTOP-NOILROVL] [restartedMain] INFO com.zaxxer.hikari.HikariDataSource@getConnection:123 - master - Start completed.
[2023-12-29 14:55:23.285] [LAPTOP-NOILROVL] [restartedMain] INFO SQL dialect@logSelectedDialect:66 - HHH000400: Using dialect: org.hibernate.dialect.MySQLDialect
[2023-12-29 14:55:28.696] [LAPTOP-NOILROVL] [restartedMain] INFO o.s.o.j.LocalContainerEntityManagerFactoryBean@buildNativeEntityManagerFactory:437 - Initialized JPA EntityManagerFactory for persistence unit 'default'
[2023-12-29 14:55:32.288] [LAPTOP-NOILROVL] [restartedMain] INFO o.s.b.a.e.web.EndpointLinksResolver@<init>:58 - Exposing 1 endpoint(s) beneath base path '/actuator'
[2023-12-29 14:55:33.092] [LAPTOP-NOILROVL] [restartedMain] WARN o.s.b.d.a.OptionalLiveReloadServer@startServer:62 - Unable to start LiveReload server
[2023-12-29 14:55:33.953] [LAPTOP-NOILROVL] [restartedMain] INFO o.a.coyote.http11.Http11NioProtocol@log:173 - Starting ProtocolHandler ["http-nio-8084"]
[2023-12-29 14:55:34.364] [LAPTOP-NOILROVL] [restartedMain] INFO o.s.b.w.e.tomcat.TomcatWebServer@start:220 - Tomcat started on port(s): 8084 (http) with context path ''
[2023-12-29 14:55:34.692] [LAPTOP-NOILROVL] [restartedMain] INFO com.bizlog.rms.COSApiApplication@logStarted:57 - Started COSApiApplication in 31.089 seconds (process running for 37.391)
[2023-12-29 15:01:25.757] [LAPTOP-NOILROVL] [http-nio-8084-exec-1] INFO o.a.c.c.C.[Tomcat].[localhost].[/]@log:173 - Initializing Spring DispatcherServlet 'dispatcherServlet'
[2023-12-29 15:01:25.757] [LAPTOP-NOILROVL] [http-nio-8084-exec-1] INFO o.s.web.servlet.DispatcherServlet@initServletBean:532 - Initializing Servlet 'dispatcherServlet'
[2023-12-29 15:01:25.757] [LAPTOP-NOILROVL] [http-nio-8084-exec-1] INFO o.s.web.servlet.DispatcherServlet@initServletBean:554 - Completed initialization in 0 ms
[2023-12-29 15:01:25.817] [LAPTOP-NOILROVL] [http-nio-8084-exec-1] INFO com.bizlog.rms.aspect.LoggingAspect@logInputAndExecutionTime:17 - => ClientResource.checkClientId(..) :: args: [1]
[2023-12-29 15:01:26.317] [LAPTOP-NOILROVL] [http-nio-8084-exec-1] INFO com.bizlog.rms.aspect.LoggingAspect@logInputAndExecutionTime:21 - <= ClientResource.checkClientId(..) :: Execution Time: 500ms
[2023-12-29 15:02:05.242] [LAPTOP-NOILROVL] [SpringApplicationShutdownHook] INFO o.s.o.j.LocalContainerEntityManagerFactoryBean@destroy:650 - Closing JPA EntityManagerFactory for persistence unit 'default'
[2023-12-29 15:02:05.313] [LAPTOP-NOILROVL] [SpringApplicationShutdownHook] INFO com.zaxxer.hikari.HikariDataSource@close:350 - master - Shutdown initiated...
[2023-12-29 15:02:05.666] [LAPTOP-NOILROVL] [SpringApplicationShutdownHook] INFO com.zaxxer.hikari.HikariDataSource@close:352 - master - Shutdown completed.
